<?xml version="1.0" encoding="UTF-8"?>
<!-- Generated by org.testng.reporters.JUnitReportReporter -->
<testsuite hostname="A45318" failures="0" tests="1" name="com.sat.TestRunner.TestRunner_Living_HO" time="67.342" errors="0" timestamp="2023-09-20T09:43:54 BST" skipped="0">
  <testcase classname="com.sat.TestRunner.TestRunner_Living_HO" name="runScenario" time="67.342"/>
  <system-out/>
</testsuite> <!-- com.sat.TestRunner.TestRunner_Living_HO -->
