<?xml version="1.0" encoding="UTF-8"?>
<!-- Generated by org.testng.reporters.JUnitReportReporter -->
<testsuite hostname="A45318" failures="0" tests="13" name="com.sat.TestRunner.AASCHousingPack1" time="1577.899" errors="0" timestamp="2023-11-30T14:48:16 GMT" skipped="0">
  <testcase classname="com.sat.TestRunner.AASCHousingPack1" name="runScenario" time="108.579"/>
  <system-out/>
  <testcase classname="com.sat.TestRunner.AASCHousingPack1" name="runScenario" time="70.117"/>
  <system-out/>
  <testcase classname="com.sat.TestRunner.AASCHousingPack1" name="runScenario" time="113.206"/>
  <system-out/>
  <testcase classname="com.sat.TestRunner.AASCHousingPack1" name="runScenario" time="192.687"/>
  <system-out/>
  <testcase classname="com.sat.TestRunner.AASCHousingPack1" name="runScenario" time="91.845"/>
  <system-out/>
  <testcase classname="com.sat.TestRunner.AASCHousingPack1" name="runScenario" time="120.677"/>
  <system-out/>
  <testcase classname="com.sat.TestRunner.AASCHousingPack1" name="runScenario" time="40.401"/>
  <system-out/>
  <testcase classname="com.sat.TestRunner.AASCHousingPack1" name="runScenario" time="104.316"/>
  <system-out/>
  <testcase classname="com.sat.TestRunner.AASCHousingPack1" name="runScenario" time="78.152"/>
  <system-out/>
  <testcase classname="com.sat.TestRunner.AASCHousingPack1" name="runScenario" time="190.859"/>
  <system-out/>
  <testcase classname="com.sat.TestRunner.AASCHousingPack1" name="runScenario" time="208.001"/>
  <system-out/>
  <testcase classname="com.sat.TestRunner.AASCHousingPack1" name="runScenario" time="170.126"/>
  <system-out/>
  <testcase classname="com.sat.TestRunner.AASCHousingPack1" name="runScenario" time="88.933"/>
  <system-out/>
</testsuite> <!-- com.sat.TestRunner.AASCHousingPack1 -->
