<?xml version="1.0" encoding="UTF-8"?>
<!-- Generated by org.testng.reporters.JUnitReportReporter -->
<testsuite hostname="A45318" failures="0" tests="2" name="com.sat.TestRunner.TestRunner_AASCHM_ADD_Sensitive_Note" time="101.003" errors="0" timestamp="2023-08-21T11:58:36 BST" skipped="0">
  <testcase classname="com.sat.TestRunner.TestRunner_AASCHM_ADD_Sensitive_Note" name="runScenario" time="52.798"/>
  <system-out/>
  <testcase classname="com.sat.TestRunner.TestRunner_AASCHM_ADD_Sensitive_Note" name="runScenario" time="48.205"/>
  <system-out/>
</testsuite> <!-- com.sat.TestRunner.TestRunner_AASCHM_ADD_Sensitive_Note -->
