<?xml version="1.0" encoding="UTF-8"?>
<!-- Generated by org.testng.reporters.JUnitReportReporter -->
<testsuite hostname="A45318" failures="0" tests="8" name="com.sat.TestRunner.LivingHO_PacK3" time="976.327" errors="0" timestamp="2023-10-30T14:19:46 GMT" skipped="0">
  <testcase classname="com.sat.TestRunner.LivingHO_PacK3" name="runScenario" time="118.822"/>
  <system-out/>
  <testcase classname="com.sat.TestRunner.LivingHO_PacK3" name="runScenario" time="105.933"/>
  <system-out/>
  <testcase classname="com.sat.TestRunner.LivingHO_PacK3" name="runScenario" time="156.976"/>
  <system-out/>
  <testcase classname="com.sat.TestRunner.LivingHO_PacK3" name="runScenario" time="113.326"/>
  <system-out/>
  <testcase classname="com.sat.TestRunner.LivingHO_PacK3" name="runScenario" time="157.341"/>
  <system-out/>
  <testcase classname="com.sat.TestRunner.LivingHO_PacK3" name="runScenario" time="133.315"/>
  <system-out/>
  <testcase classname="com.sat.TestRunner.LivingHO_PacK3" name="runScenario" time="94.936"/>
  <system-out/>
  <testcase classname="com.sat.TestRunner.LivingHO_PacK3" name="runScenario" time="95.678"/>
  <system-out/>
</testsuite> <!-- com.sat.TestRunner.LivingHO_PacK3 -->
