<?xml version="1.0" encoding="UTF-8"?>
<!-- Generated by org.testng.reporters.JUnitReportReporter -->
<testsuite hostname="A45318" failures="0" tests="5" name="com.sat.TestRunner.LivingHO_TestRunner" time="431.222" errors="0" timestamp="2023-10-01T19:14:29 BST" skipped="0">
  <testcase classname="com.sat.TestRunner.LivingHO_TestRunner" name="runScenario" time="77.405"/>
  <system-out/>
  <testcase classname="com.sat.TestRunner.LivingHO_TestRunner" name="runScenario" time="90.569"/>
  <system-out/>
  <testcase classname="com.sat.TestRunner.LivingHO_TestRunner" name="runScenario" time="49.285"/>
  <system-out/>
  <testcase classname="com.sat.TestRunner.LivingHO_TestRunner" name="runScenario" time="84.457"/>
  <system-out/>
  <testcase classname="com.sat.TestRunner.LivingHO_TestRunner" name="runScenario" time="129.506"/>
  <system-out/>
</testsuite> <!-- com.sat.TestRunner.LivingHO_TestRunner -->
