<?xml version="1.0" encoding="UTF-8"?>
<!-- Generated by org.testng.reporters.JUnitReportReporter -->
<testsuite hostname="A45318" failures="0" tests="8" name="com.sat.TestRunner.TestRunner" time="1206.023" errors="0" timestamp="2023-08-18T15:30:04 BST" skipped="0">
  <testcase classname="com.sat.TestRunner.TestRunner" name="runScenario" time="175.484"/>
  <system-out/>
  <testcase classname="com.sat.TestRunner.TestRunner" name="runScenario" time="168.691"/>
  <system-out/>
  <testcase classname="com.sat.TestRunner.TestRunner" name="runScenario" time="171.707"/>
  <system-out/>
  <testcase classname="com.sat.TestRunner.TestRunner" name="runScenario" time="208.054"/>
  <system-out/>
  <testcase classname="com.sat.TestRunner.TestRunner" name="runScenario" time="221.824"/>
  <system-out/>
  <testcase classname="com.sat.TestRunner.TestRunner" name="runScenario" time="66.254"/>
  <system-out/>
  <testcase classname="com.sat.TestRunner.TestRunner" name="runScenario" time="74.310"/>
  <system-out/>
  <testcase classname="com.sat.TestRunner.TestRunner" name="runScenario" time="119.699"/>
  <system-out/>
</testsuite> <!-- com.sat.TestRunner.TestRunner -->
