<?xml version="1.0" encoding="UTF-8"?>
<!-- Generated by org.testng.reporters.JUnitReportReporter -->
<testsuite hostname="A45318" failures="0" tests="5" name="com.sat.TestRunner.AASCHousingPack2" time="880.070" errors="0" timestamp="2023-11-30T15:05:40 GMT" skipped="0">
  <testcase classname="com.sat.TestRunner.AASCHousingPack2" name="runScenario" time="150.016"/>
  <system-out/>
  <testcase classname="com.sat.TestRunner.AASCHousingPack2" name="runScenario" time="102.693"/>
  <system-out/>
  <testcase classname="com.sat.TestRunner.AASCHousingPack2" name="runScenario" time="254.078"/>
  <system-out/>
  <testcase classname="com.sat.TestRunner.AASCHousingPack2" name="runScenario" time="92.670"/>
  <system-out/>
  <testcase classname="com.sat.TestRunner.AASCHousingPack2" name="runScenario" time="280.613"/>
  <system-out/>
</testsuite> <!-- com.sat.TestRunner.AASCHousingPack2 -->
