<?xml version="1.0" encoding="UTF-8"?>
<!-- Generated by org.testng.reporters.JUnitReportReporter -->
<testsuite hostname="A45318" failures="0" tests="13" name="com.sat.TestRunner.LivingHO_PacK2" time="1130.774" errors="0" timestamp="2023-10-30T14:01:05 GMT" skipped="0">
  <testcase classname="com.sat.TestRunner.LivingHO_PacK2" name="runScenario" time="72.304"/>
  <system-out/>
  <testcase classname="com.sat.TestRunner.LivingHO_PacK2" name="runScenario" time="91.769"/>
  <system-out/>
  <testcase classname="com.sat.TestRunner.LivingHO_PacK2" name="runScenario" time="84.949"/>
  <system-out/>
  <testcase classname="com.sat.TestRunner.LivingHO_PacK2" name="runScenario" time="133.894"/>
  <system-out/>
  <testcase classname="com.sat.TestRunner.LivingHO_PacK2" name="runScenario" time="53.609"/>
  <system-out/>
  <testcase classname="com.sat.TestRunner.LivingHO_PacK2" name="runScenario" time="85.284"/>
  <system-out/>
  <testcase classname="com.sat.TestRunner.LivingHO_PacK2" name="runScenario" time="79.108"/>
  <system-out/>
  <testcase classname="com.sat.TestRunner.LivingHO_PacK2" name="runScenario" time="53.546"/>
  <system-out/>
  <testcase classname="com.sat.TestRunner.LivingHO_PacK2" name="runScenario" time="72.261"/>
  <system-out/>
  <testcase classname="com.sat.TestRunner.LivingHO_PacK2" name="runScenario" time="105.155"/>
  <system-out/>
  <testcase classname="com.sat.TestRunner.LivingHO_PacK2" name="runScenario" time="124.499"/>
  <system-out/>
  <testcase classname="com.sat.TestRunner.LivingHO_PacK2" name="runScenario" time="106.438"/>
  <system-out/>
  <testcase classname="com.sat.TestRunner.LivingHO_PacK2" name="runScenario" time="67.958"/>
  <system-out/>
</testsuite> <!-- com.sat.TestRunner.LivingHO_PacK2 -->
