<?xml version="1.0" encoding="UTF-8"?>
<!-- Generated by org.testng.reporters.JUnitReportReporter -->
<testsuite hostname="A45318" failures="0" tests="6" name="com.sat.TestRunner.LivingHO_Pack1" time="773.622" errors="0" timestamp="2023-10-30T13:38:39 GMT" skipped="0">
  <testcase classname="com.sat.TestRunner.LivingHO_Pack1" name="runScenario" time="110.244"/>
  <system-out/>
  <testcase classname="com.sat.TestRunner.LivingHO_Pack1" name="runScenario" time="102.921"/>
  <system-out/>
  <testcase classname="com.sat.TestRunner.LivingHO_Pack1" name="runScenario" time="92.400"/>
  <system-out/>
  <testcase classname="com.sat.TestRunner.LivingHO_Pack1" name="runScenario" time="170.143"/>
  <system-out/>
  <testcase classname="com.sat.TestRunner.LivingHO_Pack1" name="runScenario" time="123.388"/>
  <system-out/>
  <testcase classname="com.sat.TestRunner.LivingHO_Pack1" name="runScenario" time="174.526"/>
  <system-out/>
</testsuite> <!-- com.sat.TestRunner.LivingHO_Pack1 -->
