<?xml version="1.0" encoding="UTF-8"?>
<!-- Generated by org.testng.reporters.JUnitReportReporter -->
<testsuite hostname="A45318" failures="0" tests="5" name="com.sat.TestRunner.LivingHMTestRunner" time="491.133" errors="0" timestamp="2023-10-01T08:58:01 BST" skipped="0">
  <testcase classname="com.sat.TestRunner.LivingHMTestRunner" name="runScenario" time="97.657"/>
  <system-out/>
  <testcase classname="com.sat.TestRunner.LivingHMTestRunner" name="runScenario" time="98.205"/>
  <system-out/>
  <testcase classname="com.sat.TestRunner.LivingHMTestRunner" name="runScenario" time="121.624"/>
  <system-out/>
  <testcase classname="com.sat.TestRunner.LivingHMTestRunner" name="runScenario" time="77.955"/>
  <system-out/>
  <testcase classname="com.sat.TestRunner.LivingHMTestRunner" name="runScenario" time="95.692"/>
  <system-out/>
</testsuite> <!-- com.sat.TestRunner.LivingHMTestRunner -->
