<?xml version="1.0" encoding="UTF-8"?>
<!-- Generated by org.testng.reporters.JUnitReportReporter -->
<testsuite hostname="A45318" failures="0" tests="8" name="com.sat.TestRunner.LivingHO_PacK3" time="1030.454" errors="0" timestamp="2023-11-30T16:02:13 GMT" skipped="0">
  <testcase classname="com.sat.TestRunner.LivingHO_PacK3" name="runScenario" time="94.774"/>
  <system-out/>
  <testcase classname="com.sat.TestRunner.LivingHO_PacK3" name="runScenario" time="88.867"/>
  <system-out/>
  <testcase classname="com.sat.TestRunner.LivingHO_PacK3" name="runScenario" time="92.984"/>
  <system-out/>
  <testcase classname="com.sat.TestRunner.LivingHO_PacK3" name="runScenario" time="194.012"/>
  <system-out/>
  <testcase classname="com.sat.TestRunner.LivingHO_PacK3" name="runScenario" time="163.462"/>
  <system-out/>
  <testcase classname="com.sat.TestRunner.LivingHO_PacK3" name="runScenario" time="115.692"/>
  <system-out/>
  <testcase classname="com.sat.TestRunner.LivingHO_PacK3" name="runScenario" time="157.133"/>
  <system-out/>
  <testcase classname="com.sat.TestRunner.LivingHO_PacK3" name="runScenario" time="123.530"/>
  <system-out/>
</testsuite> <!-- com.sat.TestRunner.LivingHO_PacK3 -->
