<?xml version="1.0" encoding="UTF-8"?>
<!-- Generated by org.testng.reporters.JUnitReportReporter -->
<testsuite hostname="A45318" failures="0" tests="5" name="com.sat.TestRunner.HMTestRunner" time="3756.297" errors="1" timestamp="2023-09-29T14:02:01 BST" skipped="0">
  <testcase classname="com.sat.TestRunner.HMTestRunner" name="runScenario" time="3140.952"/>
  <system-out/>
  <testcase classname="com.sat.TestRunner.HMTestRunner" name="runScenario" time="68.809"/>
  <system-out/>
  <testcase classname="com.sat.TestRunner.HMTestRunner" name="runScenario" time="417.550"/>
  <system-out/>
  <testcase classname="com.sat.TestRunner.HMTestRunner" name="runScenario" time="1.196">
    <error message="Cannot invoke &quot;String.equals(Object)&quot; because &quot;browserName&quot; is null" type="java.lang.NullPointerException">
      <![CDATA[java.lang.NullPointerException: Cannot invoke "String.equals(Object)" because "browserName" is null
at com.sat.testbase.TestBase.initialization(TestBase.java:46)
at com.sat.AppHooks.ApplicationHooks.launchbrowser(ApplicationHooks.java:22)
]]>
    </error>
  </testcase> <!-- runScenario -->
  <system-out/>
  <testcase classname="com.sat.TestRunner.HMTestRunner" name="runScenario" time="127.790"/>
  <system-out/>
</testsuite> <!-- com.sat.TestRunner.HMTestRunner -->
