<?xml version="1.0" encoding="UTF-8"?>
<!-- Generated by org.testng.reporters.JUnitReportReporter -->
<testsuite hostname="A45318" failures="0" tests="9" name="com.sat.TestRunner.RLAPTestRunner" time="1100.331" errors="0" timestamp="2023-10-30T14:47:27 GMT" skipped="0">
  <testcase classname="com.sat.TestRunner.RLAPTestRunner" name="runScenario" time="43.943"/>
  <system-out/>
  <testcase classname="com.sat.TestRunner.RLAPTestRunner" name="runScenario" time="107.928"/>
  <system-out/>
  <testcase classname="com.sat.TestRunner.RLAPTestRunner" name="runScenario" time="296.482"/>
  <system-out/>
  <testcase classname="com.sat.TestRunner.RLAPTestRunner" name="runScenario" time="105.423"/>
  <system-out/>
  <testcase classname="com.sat.TestRunner.RLAPTestRunner" name="runScenario" time="154.828"/>
  <system-out/>
  <testcase classname="com.sat.TestRunner.RLAPTestRunner" name="runScenario" time="81.213"/>
  <system-out/>
  <testcase classname="com.sat.TestRunner.RLAPTestRunner" name="runScenario" time="121.880"/>
  <system-out/>
  <testcase classname="com.sat.TestRunner.RLAPTestRunner" name="runScenario" time="109.816"/>
  <system-out/>
  <testcase classname="com.sat.TestRunner.RLAPTestRunner" name="runScenario" time="78.818"/>
  <system-out/>
</testsuite> <!-- com.sat.TestRunner.RLAPTestRunner -->
