<?xml version="1.0" encoding="UTF-8"?>
<!-- Generated by org.testng.reporters.JUnitReportReporter -->
<testsuite hostname="A45318" failures="0" tests="14" name="com.sat.TestRunner.LivingHO_PacK2" time="1248.842" errors="0" timestamp="2023-11-30T15:42:38 GMT" skipped="0">
  <testcase classname="com.sat.TestRunner.LivingHO_PacK2" name="runScenario" time="134.692"/>
  <system-out/>
  <testcase classname="com.sat.TestRunner.LivingHO_PacK2" name="runScenario" time="79.502"/>
  <system-out/>
  <testcase classname="com.sat.TestRunner.LivingHO_PacK2" name="runScenario" time="85.184"/>
  <system-out/>
  <testcase classname="com.sat.TestRunner.LivingHO_PacK2" name="runScenario" time="164.313"/>
  <system-out/>
  <testcase classname="com.sat.TestRunner.LivingHO_PacK2" name="runScenario" time="72.675"/>
  <system-out/>
  <testcase classname="com.sat.TestRunner.LivingHO_PacK2" name="runScenario" time="54.477"/>
  <system-out/>
  <testcase classname="com.sat.TestRunner.LivingHO_PacK2" name="runScenario" time="124.170"/>
  <system-out/>
  <testcase classname="com.sat.TestRunner.LivingHO_PacK2" name="runScenario" time="72.368"/>
  <system-out/>
  <testcase classname="com.sat.TestRunner.LivingHO_PacK2" name="runScenario" time="85.288"/>
  <system-out/>
  <testcase classname="com.sat.TestRunner.LivingHO_PacK2" name="runScenario" time="67.872"/>
  <system-out/>
  <testcase classname="com.sat.TestRunner.LivingHO_PacK2" name="runScenario" time="53.754"/>
  <system-out/>
  <testcase classname="com.sat.TestRunner.LivingHO_PacK2" name="runScenario" time="91.916"/>
  <system-out/>
  <testcase classname="com.sat.TestRunner.LivingHO_PacK2" name="runScenario" time="54.550"/>
  <system-out/>
  <testcase classname="com.sat.TestRunner.LivingHO_PacK2" name="runScenario" time="108.081"/>
  <system-out/>
</testsuite> <!-- com.sat.TestRunner.LivingHO_PacK2 -->
