<?xml version="1.0" encoding="UTF-8"?>
<!-- Generated by org.testng.reporters.JUnitReportReporter -->
<testsuite hostname="A45318" failures="0" tests="9" name="com.sat.TestRunner.RLAPTestRunner" time="1059.382" errors="0" timestamp="2023-10-02T11:21:21 BST" skipped="0">
  <testcase classname="com.sat.TestRunner.RLAPTestRunner" name="runScenario" time="135.776"/>
  <system-out/>
  <testcase classname="com.sat.TestRunner.RLAPTestRunner" name="runScenario" time="58.378"/>
  <system-out/>
  <testcase classname="com.sat.TestRunner.RLAPTestRunner" name="runScenario" time="103.516"/>
  <system-out/>
  <testcase classname="com.sat.TestRunner.RLAPTestRunner" name="runScenario" time="289.352"/>
  <system-out/>
  <testcase classname="com.sat.TestRunner.RLAPTestRunner" name="runScenario" time="53.875"/>
  <system-out/>
  <testcase classname="com.sat.TestRunner.RLAPTestRunner" name="runScenario" time="120.964"/>
  <system-out/>
  <testcase classname="com.sat.TestRunner.RLAPTestRunner" name="runScenario" time="135.814"/>
  <system-out/>
  <testcase classname="com.sat.TestRunner.RLAPTestRunner" name="runScenario" time="35.074"/>
  <system-out/>
  <testcase classname="com.sat.TestRunner.RLAPTestRunner" name="runScenario" time="126.633"/>
  <system-out/>
</testsuite> <!-- com.sat.TestRunner.RLAPTestRunner -->
