<?xml version="1.0" encoding="UTF-8"?>
<!-- Generated by org.testng.reporters.JUnitReportReporter -->
<testsuite hostname="A45318" failures="0" tests="14" name="com.sat.TestRunner.AASCHousingQuickrun" time="1811.730" errors="0" timestamp="2023-10-24T13:43:49 BST" skipped="0">
  <testcase classname="com.sat.TestRunner.AASCHousingQuickrun" name="runScenario" time="74.155"/>
  <system-out/>
  <testcase classname="com.sat.TestRunner.AASCHousingQuickrun" name="runScenario" time="199.136"/>
  <system-out/>
  <testcase classname="com.sat.TestRunner.AASCHousingQuickrun" name="runScenario" time="89.432"/>
  <system-out/>
  <testcase classname="com.sat.TestRunner.AASCHousingQuickrun" name="runScenario" time="175.673"/>
  <system-out/>
  <testcase classname="com.sat.TestRunner.AASCHousingQuickrun" name="runScenario" time="117.671"/>
  <system-out/>
  <testcase classname="com.sat.TestRunner.AASCHousingQuickrun" name="runScenario" time="172.753"/>
  <system-out/>
  <testcase classname="com.sat.TestRunner.AASCHousingQuickrun" name="runScenario" time="103.239"/>
  <system-out/>
  <testcase classname="com.sat.TestRunner.AASCHousingQuickrun" name="runScenario" time="107.358"/>
  <system-out/>
  <testcase classname="com.sat.TestRunner.AASCHousingQuickrun" name="runScenario" time="103.574"/>
  <system-out/>
  <testcase classname="com.sat.TestRunner.AASCHousingQuickrun" name="runScenario" time="64.995"/>
  <system-out/>
  <testcase classname="com.sat.TestRunner.AASCHousingQuickrun" name="runScenario" time="193.865"/>
  <system-out/>
  <testcase classname="com.sat.TestRunner.AASCHousingQuickrun" name="runScenario" time="43.604"/>
  <system-out/>
  <testcase classname="com.sat.TestRunner.AASCHousingQuickrun" name="runScenario" time="191.194"/>
  <system-out/>
  <testcase classname="com.sat.TestRunner.AASCHousingQuickrun" name="runScenario" time="175.081"/>
  <system-out/>
</testsuite> <!-- com.sat.TestRunner.AASCHousingQuickrun -->
