<?xml version="1.0" encoding="UTF-8"?>
<!-- Generated by org.testng.reporters.JUnitReportReporter -->
<testsuite hostname="A45318" failures="0" tests="15" name="com.sat.TestRunner.TestRunner_AASC_HM" time="1455.726" errors="0" timestamp="2023-09-29T21:31:31 BST" skipped="0">
  <testcase classname="com.sat.TestRunner.TestRunner_AASC_HM" name="runScenario" time="93.890"/>
  <system-out/>
  <testcase classname="com.sat.TestRunner.TestRunner_AASC_HM" name="runScenario" time="50.803"/>
  <system-out/>
  <testcase classname="com.sat.TestRunner.TestRunner_AASC_HM" name="runScenario" time="36.546"/>
  <system-out/>
  <testcase classname="com.sat.TestRunner.TestRunner_AASC_HM" name="runScenario" time="130.085"/>
  <system-out/>
  <testcase classname="com.sat.TestRunner.TestRunner_AASC_HM" name="runScenario" time="141.600"/>
  <system-out/>
  <testcase classname="com.sat.TestRunner.TestRunner_AASC_HM" name="runScenario" time="147.682"/>
  <system-out/>
  <testcase classname="com.sat.TestRunner.TestRunner_AASC_HM" name="runScenario" time="116.505"/>
  <system-out/>
  <testcase classname="com.sat.TestRunner.TestRunner_AASC_HM" name="runScenario" time="57.494"/>
  <system-out/>
  <testcase classname="com.sat.TestRunner.TestRunner_AASC_HM" name="runScenario" time="79.714"/>
  <system-out/>
  <testcase classname="com.sat.TestRunner.TestRunner_AASC_HM" name="runScenario" time="156.735"/>
  <system-out/>
  <testcase classname="com.sat.TestRunner.TestRunner_AASC_HM" name="runScenario" time="116.659"/>
  <system-out/>
  <testcase classname="com.sat.TestRunner.TestRunner_AASC_HM" name="runScenario" time="61.206"/>
  <system-out/>
  <testcase classname="com.sat.TestRunner.TestRunner_AASC_HM" name="runScenario" time="93.870"/>
  <system-out/>
  <testcase classname="com.sat.TestRunner.TestRunner_AASC_HM" name="runScenario" time="59.675"/>
  <system-out/>
  <testcase classname="com.sat.TestRunner.TestRunner_AASC_HM" name="runScenario" time="113.262"/>
  <system-out/>
</testsuite> <!-- com.sat.TestRunner.TestRunner_AASC_HM -->
