<?xml version="1.0" encoding="UTF-8"?>
<!-- Generated by org.testng.reporters.JUnitReportReporter -->
<testsuite hostname="A45318" failures="0" tests="13" name="com.sat.TestRunner.AASCHousingPack1" time="2092.068" errors="0" timestamp="2023-10-30T12:52:25 GMT" skipped="0">
  <testcase classname="com.sat.TestRunner.AASCHousingPack1" name="runScenario" time="44.250"/>
  <system-out/>
  <testcase classname="com.sat.TestRunner.AASCHousingPack1" name="runScenario" time="107.041"/>
  <system-out/>
  <testcase classname="com.sat.TestRunner.AASCHousingPack1" name="runScenario" time="72.131"/>
  <system-out/>
  <testcase classname="com.sat.TestRunner.AASCHousingPack1" name="runScenario" time="307.923"/>
  <system-out/>
  <testcase classname="com.sat.TestRunner.AASCHousingPack1" name="runScenario" time="93.334"/>
  <system-out/>
  <testcase classname="com.sat.TestRunner.AASCHousingPack1" name="runScenario" time="129.286"/>
  <system-out/>
  <testcase classname="com.sat.TestRunner.AASCHousingPack1" name="runScenario" time="115.227"/>
  <system-out/>
  <testcase classname="com.sat.TestRunner.AASCHousingPack1" name="runScenario" time="307.824"/>
  <system-out/>
  <testcase classname="com.sat.TestRunner.AASCHousingPack1" name="runScenario" time="122.637"/>
  <system-out/>
  <testcase classname="com.sat.TestRunner.AASCHousingPack1" name="runScenario" time="92.995"/>
  <system-out/>
  <testcase classname="com.sat.TestRunner.AASCHousingPack1" name="runScenario" time="218.648"/>
  <system-out/>
  <testcase classname="com.sat.TestRunner.AASCHousingPack1" name="runScenario" time="78.447"/>
  <system-out/>
  <testcase classname="com.sat.TestRunner.AASCHousingPack1" name="runScenario" time="402.325"/>
  <system-out/>
</testsuite> <!-- com.sat.TestRunner.AASCHousingPack1 -->
