<?xml version="1.0" encoding="UTF-8"?>
<!-- Generated by org.testng.reporters.JUnitReportReporter -->
<testsuite hostname="A45318" failures="0" tests="12" name="com.sat.TestRunner.RLAPTestRunner" time="1573.067" errors="0" timestamp="2023-08-29T09:00:18 BST" skipped="0">
  <testcase classname="com.sat.TestRunner.RLAPTestRunner" name="runScenario" time="75.343"/>
  <system-out/>
  <testcase classname="com.sat.TestRunner.RLAPTestRunner" name="runScenario" time="132.067"/>
  <system-out/>
  <testcase classname="com.sat.TestRunner.RLAPTestRunner" name="runScenario" time="344.451"/>
  <system-out/>
  <testcase classname="com.sat.TestRunner.RLAPTestRunner" name="runScenario" time="66.319"/>
  <system-out/>
  <testcase classname="com.sat.TestRunner.RLAPTestRunner" name="runScenario" time="105.120"/>
  <system-out/>
  <testcase classname="com.sat.TestRunner.RLAPTestRunner" name="runScenario" time="223.237"/>
  <system-out/>
  <testcase classname="com.sat.TestRunner.RLAPTestRunner" name="runScenario" time="132.353"/>
  <system-out/>
  <testcase classname="com.sat.TestRunner.RLAPTestRunner" name="runScenario" time="194.203"/>
  <system-out/>
  <testcase classname="com.sat.TestRunner.RLAPTestRunner" name="runScenario" time="77.054"/>
  <system-out/>
  <testcase classname="com.sat.TestRunner.RLAPTestRunner" name="runScenario" time="51.391"/>
  <system-out/>
  <testcase classname="com.sat.TestRunner.RLAPTestRunner" name="runScenario" time="76.147"/>
  <system-out/>
  <testcase classname="com.sat.TestRunner.RLAPTestRunner" name="runScenario" time="95.382"/>
  <system-out/>
</testsuite> <!-- com.sat.TestRunner.RLAPTestRunner -->
