<?xml version="1.0" encoding="UTF-8"?>
<!-- Generated by org.testng.reporters.JUnitReportReporter -->
<testsuite hostname="A45318" failures="0" tests="6" name="com.sat.TestRunner.LivingHO_Pack1" time="712.650" errors="0" timestamp="2023-11-30T15:19:09 GMT" skipped="0">
  <testcase classname="com.sat.TestRunner.LivingHO_Pack1" name="runScenario" time="110.259"/>
  <system-out/>
  <testcase classname="com.sat.TestRunner.LivingHO_Pack1" name="runScenario" time="106.851"/>
  <system-out/>
  <testcase classname="com.sat.TestRunner.LivingHO_Pack1" name="runScenario" time="160.377"/>
  <system-out/>
  <testcase classname="com.sat.TestRunner.LivingHO_Pack1" name="runScenario" time="102.673"/>
  <system-out/>
  <testcase classname="com.sat.TestRunner.LivingHO_Pack1" name="runScenario" time="93.040"/>
  <system-out/>
  <testcase classname="com.sat.TestRunner.LivingHO_Pack1" name="runScenario" time="139.450"/>
  <system-out/>
</testsuite> <!-- com.sat.TestRunner.LivingHO_Pack1 -->
