<?xml version="1.0" encoding="UTF-8"?>
<!-- Generated by org.testng.reporters.JUnitReportReporter -->
<testsuite hostname="A45318" failures="0" tests="5" name="com.sat.TestRunner.AASCHousingPack2" time="750.052" errors="0" timestamp="2023-10-30T13:08:58 GMT" skipped="0">
  <testcase classname="com.sat.TestRunner.AASCHousingPack2" name="runScenario" time="89.770"/>
  <system-out/>
  <testcase classname="com.sat.TestRunner.AASCHousingPack2" name="runScenario" time="106.708"/>
  <system-out/>
  <testcase classname="com.sat.TestRunner.AASCHousingPack2" name="runScenario" time="190.240"/>
  <system-out/>
  <testcase classname="com.sat.TestRunner.AASCHousingPack2" name="runScenario" time="209.294"/>
  <system-out/>
  <testcase classname="com.sat.TestRunner.AASCHousingPack2" name="runScenario" time="154.040"/>
  <system-out/>
</testsuite> <!-- com.sat.TestRunner.AASCHousingPack2 -->
