<?xml version="1.0" encoding="UTF-8"?>
<!-- Generated by org.testng.reporters.JUnitReportReporter -->
<testsuite hostname="A45318" failures="0" tests="5" name="com.sat.TestRunner.AASC_HM_TestRunner" time="748.667" errors="0" timestamp="2023-10-24T13:59:33 BST" skipped="0">
  <testcase classname="com.sat.TestRunner.AASC_HM_TestRunner" name="runScenario" time="206.234"/>
  <system-out/>
  <testcase classname="com.sat.TestRunner.AASC_HM_TestRunner" name="runScenario" time="157.330"/>
  <system-out/>
  <testcase classname="com.sat.TestRunner.AASC_HM_TestRunner" name="runScenario" time="90.103"/>
  <system-out/>
  <testcase classname="com.sat.TestRunner.AASC_HM_TestRunner" name="runScenario" time="105.794"/>
  <system-out/>
  <testcase classname="com.sat.TestRunner.AASC_HM_TestRunner" name="runScenario" time="189.206"/>
  <system-out/>
</testsuite> <!-- com.sat.TestRunner.AASC_HM_TestRunner -->
