<?xml version="1.0" encoding="UTF-8"?>
<!-- Generated by org.testng.reporters.JUnitReportReporter -->
<testsuite hostname="A45318" failures="0" tests="5" name="com.sat.TestRunner.TestRunner_AASC_HM" time="278.231" errors="0" timestamp="2023-09-13T13:29:52 BST" skipped="0">
  <testcase classname="com.sat.TestRunner.TestRunner_AASC_HM" name="runScenario" time="76.900"/>
  <system-out/>
  <testcase classname="com.sat.TestRunner.TestRunner_AASC_HM" name="runScenario" time="47.531"/>
  <system-out/>
  <testcase classname="com.sat.TestRunner.TestRunner_AASC_HM" name="runScenario" time="23.869"/>
  <system-out/>
  <testcase classname="com.sat.TestRunner.TestRunner_AASC_HM" name="runScenario" time="72.298"/>
  <system-out/>
  <testcase classname="com.sat.TestRunner.TestRunner_AASC_HM" name="runScenario" time="57.633"/>
  <system-out/>
</testsuite> <!-- com.sat.TestRunner.TestRunner_AASC_HM -->
